# Logfile created on 2014-01-10 15:08:28 +0900 by logger.rb/44203
I, [2014-01-10T15:08:28.186926 #23951]  INFO -- : 0:  backports (3.4.0) from /usr/local/rvm/gems/ruby-2.1.0/specifications/backports-3.4.0.gemspec
I, [2014-01-10T15:08:28.874806 #23951]  INFO -- : 0:  diff-lcs (1.2.5) from /usr/local/rvm/gems/ruby-2.1.0/specifications/diff-lcs-1.2.5.gemspec
I, [2014-01-10T15:08:29.565097 #23951]  INFO -- : 0:  multi_json (1.8.2) from /usr/local/rvm/gems/ruby-2.1.0/specifications/multi_json-1.8.2.gemspec
I, [2014-01-10T15:08:30.356366 #23951]  INFO -- : 0:  rack (1.5.2) from /usr/local/rvm/gems/ruby-2.1.0/specifications/rack-1.5.2.gemspec
I, [2014-01-10T15:08:31.017504 #23951]  INFO -- : 0:  rack-protection (1.5.1) from /usr/local/rvm/gems/ruby-2.1.0/specifications/rack-protection-1.5.1.gemspec
I, [2014-01-10T15:08:31.683082 #23951]  INFO -- : 0:  rack-test (0.6.2) from /usr/local/rvm/gems/ruby-2.1.0/specifications/rack-test-0.6.2.gemspec
I, [2014-01-10T15:08:32.376871 #23951]  INFO -- : 0:  rack_csrf (2.4.0) from /usr/local/rvm/gems/ruby-2.1.0/specifications/rack_csrf-2.4.0.gemspec
I, [2014-01-10T15:08:33.216411 #23951]  INFO -- : 0:  rspec-core (2.14.7) from /usr/local/rvm/gems/ruby-2.1.0/specifications/rspec-core-2.14.7.gemspec
I, [2014-01-10T15:08:33.973283 #23951]  INFO -- : 0:  rspec-expectations (2.14.4) from /usr/local/rvm/gems/ruby-2.1.0/specifications/rspec-expectations-2.14.4.gemspec
I, [2014-01-10T15:08:34.688268 #23951]  INFO -- : 0:  rspec-mocks (2.14.4) from /usr/local/rvm/gems/ruby-2.1.0/specifications/rspec-mocks-2.14.4.gemspec
I, [2014-01-10T15:08:35.322538 #23951]  INFO -- : 0:  rspec (2.14.1) from /usr/local/rvm/gems/ruby-2.1.0/specifications/rspec-2.14.1.gemspec
I, [2014-01-10T15:08:36.032384 #23951]  INFO -- : 0:  tilt (1.4.1) from /usr/local/rvm/gems/ruby-2.1.0/specifications/tilt-1.4.1.gemspec
I, [2014-01-10T15:08:36.860150 #23951]  INFO -- : 0:  sinatra (1.4.4) from /usr/local/rvm/gems/ruby-2.1.0/specifications/sinatra-1.4.4.gemspec
I, [2014-01-10T15:08:37.591961 #23951]  INFO -- : 0:  sinatra-contrib (1.4.2) from /usr/local/rvm/gems/ruby-2.1.0/specifications/sinatra-contrib-1.4.2.gemspec
I, [2014-01-10T15:08:37.592869 #23951]  INFO -- : 0:  bundler (1.5.0) from /usr/local/rvm/gems/ruby-2.1.0@global/specifications/bundler-1.5.0.gemspec
I, [2014-01-10T17:07:30.350099 #1491]  INFO -- : 0:  backports (3.4.0) from /usr/local/rvm/gems/ruby-2.1.0/specifications/backports-3.4.0.gemspec
I, [2014-01-10T17:07:31.153078 #1491]  INFO -- : 0:  mime-types (2.0) from /usr/local/rvm/gems/ruby-2.1.0/specifications/mime-types-2.0.gemspec
I, [2014-01-10T17:07:31.790652 #1491]  INFO -- : 0:  mini_portile (0.5.2) from /usr/local/rvm/gems/ruby-2.1.0/specifications/mini_portile-0.5.2.gemspec
I, [2014-01-10T17:10:57.616380 #1491]  INFO -- : 0:  nokogiri (1.6.1) from /usr/local/rvm/gems/ruby-2.1.0/specifications/nokogiri-1.6.1.gemspec
I, [2014-01-10T17:10:57.620642 #1491]  INFO -- : 0:  rack (1.5.2) from /usr/local/rvm/gems/ruby-2.1.0/specifications/rack-1.5.2.gemspec
I, [2014-01-10T17:10:57.622127 #1491]  INFO -- : 0:  rack-test (0.6.2) from /usr/local/rvm/gems/ruby-2.1.0/specifications/rack-test-0.6.2.gemspec
I, [2014-01-10T17:10:58.376740 #1491]  INFO -- : 0:  xpath (2.0.0) from /usr/local/rvm/gems/ruby-2.1.0/specifications/xpath-2.0.0.gemspec
I, [2014-01-10T17:10:59.276279 #1491]  INFO -- : 0:  capybara (2.2.1) from /usr/local/rvm/gems/ruby-2.1.0/specifications/capybara-2.2.1.gemspec
I, [2014-01-10T17:10:59.277530 #1491]  INFO -- : 0:  diff-lcs (1.2.5) from /usr/local/rvm/gems/ruby-2.1.0/specifications/diff-lcs-1.2.5.gemspec
I, [2014-01-10T17:10:59.278174 #1491]  INFO -- : 0:  multi_json (1.8.2) from /usr/local/rvm/gems/ruby-2.1.0/specifications/multi_json-1.8.2.gemspec
I, [2014-01-10T17:10:59.278790 #1491]  INFO -- : 0:  rack-protection (1.5.1) from /usr/local/rvm/gems/ruby-2.1.0/specifications/rack-protection-1.5.1.gemspec
I, [2014-01-10T17:10:59.279359 #1491]  INFO -- : 0:  rack_csrf (2.4.0) from /usr/local/rvm/gems/ruby-2.1.0/specifications/rack_csrf-2.4.0.gemspec
I, [2014-01-10T17:10:59.279979 #1491]  INFO -- : 0:  rspec-core (2.14.7) from /usr/local/rvm/gems/ruby-2.1.0/specifications/rspec-core-2.14.7.gemspec
I, [2014-01-10T17:10:59.280593 #1491]  INFO -- : 0:  rspec-expectations (2.14.4) from /usr/local/rvm/gems/ruby-2.1.0/specifications/rspec-expectations-2.14.4.gemspec
I, [2014-01-10T17:10:59.281204 #1491]  INFO -- : 0:  rspec-mocks (2.14.4) from /usr/local/rvm/gems/ruby-2.1.0/specifications/rspec-mocks-2.14.4.gemspec
I, [2014-01-10T17:10:59.281782 #1491]  INFO -- : 0:  rspec (2.14.1) from /usr/local/rvm/gems/ruby-2.1.0/specifications/rspec-2.14.1.gemspec
I, [2014-01-10T17:10:59.282334 #1491]  INFO -- : 0:  tilt (1.4.1) from /usr/local/rvm/gems/ruby-2.1.0/specifications/tilt-1.4.1.gemspec
I, [2014-01-10T17:10:59.282997 #1491]  INFO -- : 0:  sinatra (1.4.4) from /usr/local/rvm/gems/ruby-2.1.0/specifications/sinatra-1.4.4.gemspec
I, [2014-01-10T17:10:59.283536 #1491]  INFO -- : 0:  sinatra-contrib (1.4.2) from /usr/local/rvm/gems/ruby-2.1.0/specifications/sinatra-contrib-1.4.2.gemspec
I, [2014-01-10T17:10:59.284097 #1491]  INFO -- : 0:  bundler (1.5.0) from /usr/local/rvm/gems/ruby-2.1.0@global/specifications/bundler-1.5.0.gemspec
I, [2014-01-15T08:51:24.298244 #12659]  INFO -- : 0:  rake (10.1.1) from /usr/local/rvm/gems/ruby-2.1.0/specifications/rake-10.1.1.gemspec
I, [2014-01-15T08:51:24.299053 #12659]  INFO -- : 0:  backports (3.4.0) from /usr/local/rvm/gems/ruby-2.1.0/specifications/backports-3.4.0.gemspec
I, [2014-01-15T08:51:24.299506 #12659]  INFO -- : 0:  mime-types (2.0) from /usr/local/rvm/gems/ruby-2.1.0/specifications/mime-types-2.0.gemspec
I, [2014-01-15T08:51:24.300036 #12659]  INFO -- : 0:  mini_portile (0.5.2) from /usr/local/rvm/gems/ruby-2.1.0/specifications/mini_portile-0.5.2.gemspec
I, [2014-01-15T08:51:24.300496 #12659]  INFO -- : 0:  nokogiri (1.6.1) from /usr/local/rvm/gems/ruby-2.1.0/specifications/nokogiri-1.6.1.gemspec
I, [2014-01-15T08:51:24.301059 #12659]  INFO -- : 0:  rack (1.5.2) from /usr/local/rvm/gems/ruby-2.1.0/specifications/rack-1.5.2.gemspec
I, [2014-01-15T08:51:24.301528 #12659]  INFO -- : 0:  rack-test (0.6.2) from /usr/local/rvm/gems/ruby-2.1.0/specifications/rack-test-0.6.2.gemspec
I, [2014-01-15T08:51:24.302044 #12659]  INFO -- : 0:  xpath (2.0.0) from /usr/local/rvm/gems/ruby-2.1.0/specifications/xpath-2.0.0.gemspec
I, [2014-01-15T08:51:24.302497 #12659]  INFO -- : 0:  capybara (2.2.1) from /usr/local/rvm/gems/ruby-2.1.0/specifications/capybara-2.2.1.gemspec
I, [2014-01-15T08:51:25.299385 #12659]  INFO -- : 0:  daemon_controller (1.1.8) from /usr/local/rvm/gems/ruby-2.1.0/specifications/daemon_controller-1.1.8.gemspec
I, [2014-01-15T08:51:25.300120 #12659]  INFO -- : 0:  diff-lcs (1.2.5) from /usr/local/rvm/gems/ruby-2.1.0/specifications/diff-lcs-1.2.5.gemspec
I, [2014-01-15T08:51:25.300551 #12659]  INFO -- : 0:  multi_json (1.8.2) from /usr/local/rvm/gems/ruby-2.1.0/specifications/multi_json-1.8.2.gemspec
I, [2014-01-15T08:51:39.953320 #12659]  INFO -- : 0:  passenger (4.0.33) from /usr/local/rvm/gems/ruby-2.1.0/specifications/passenger-4.0.33.gemspec
I, [2014-01-15T08:51:39.955935 #12659]  INFO -- : 0:  rack-protection (1.5.1) from /usr/local/rvm/gems/ruby-2.1.0/specifications/rack-protection-1.5.1.gemspec
I, [2014-01-15T08:51:39.956575 #12659]  INFO -- : 0:  rack_csrf (2.4.0) from /usr/local/rvm/gems/ruby-2.1.0/specifications/rack_csrf-2.4.0.gemspec
I, [2014-01-15T08:51:39.957258 #12659]  INFO -- : 0:  rspec-core (2.14.7) from /usr/local/rvm/gems/ruby-2.1.0/specifications/rspec-core-2.14.7.gemspec
I, [2014-01-15T08:51:39.958038 #12659]  INFO -- : 0:  rspec-expectations (2.14.4) from /usr/local/rvm/gems/ruby-2.1.0/specifications/rspec-expectations-2.14.4.gemspec
I, [2014-01-15T08:51:39.958667 #12659]  INFO -- : 0:  rspec-mocks (2.14.4) from /usr/local/rvm/gems/ruby-2.1.0/specifications/rspec-mocks-2.14.4.gemspec
I, [2014-01-15T08:51:39.959392 #12659]  INFO -- : 0:  rspec (2.14.1) from /usr/local/rvm/gems/ruby-2.1.0/specifications/rspec-2.14.1.gemspec
I, [2014-01-15T08:51:39.960143 #12659]  INFO -- : 0:  tilt (1.4.1) from /usr/local/rvm/gems/ruby-2.1.0/specifications/tilt-1.4.1.gemspec
I, [2014-01-15T08:51:39.960809 #12659]  INFO -- : 0:  sinatra (1.4.4) from /usr/local/rvm/gems/ruby-2.1.0/specifications/sinatra-1.4.4.gemspec
I, [2014-01-15T08:51:39.961410 #12659]  INFO -- : 0:  sinatra-contrib (1.4.2) from /usr/local/rvm/gems/ruby-2.1.0/specifications/sinatra-contrib-1.4.2.gemspec
I, [2014-01-15T08:51:39.962148 #12659]  INFO -- : 0:  bundler (1.5.0) from /usr/local/rvm/gems/ruby-2.1.0@global/specifications/bundler-1.5.0.gemspec
